[23:33:19] [info] APP: [Server] Client Connected :: ID = 763738193
[23:33:19] [info] APP: [Server] 416.24338, 92.35933 - 6.722e-42, 0 
[23:33:19] [info] APP: [Server] 416.24338, 92.35933 - 6.506e-42, 0 
[23:33:19] [info] APP: [Server] 416.24338, 92.35933 - 6.481e-42, 0 
[23:33:19] [info] APP: [Server] 416.24338, 92.35933 - 5.943e-42, 0 
[23:33:19] [info] APP: [Server] 416.24338, 92.35933 - 5.848e-42, 0 
[23:33:19] [info] APP: [Server] 416.24338, 92.35933 - 5.792e-42, 0 
[23:33:19] [info] APP: [Server] 416.24338, 92.35933 - 5.653e-42, 0 
[23:33:19] [info] APP: [Server] 416.24338, 92.35933 - 5.454e-42, 0 
[23:33:19] [info] APP: [Server] 416.24338, 92.35933 - 5.25e-42, 0 
[23:33:19] [info] APP: [Server] 416.24338, 92.35933 - 5.067e-42, 0 
[23:33:19] [info] APP: [Server] 416.24338, 92.35933 - 4.81e-42, 0 
[23:33:19] [info] APP: [Server] 416.24338, 92.35933 - 4.722e-42, 0 
[23:33:19] [info] APP: [Server] 416.24338, 92.35933 - 4.56e-42, 0 
[23:33:19] [info] APP: [Server] 416.24338, 92.35933 - 4.407e-42, 0 
[23:33:19] [info] APP: [Server] 416.24338, 92.35933 - 4.253e-42, 0 
[23:33:19] [info] APP: [Server] 416.24338, 92.35933 - 4.107e-42, 0 
[23:33:19] [info] APP: [Server] 416.24338, 92.35933 - 3.922e-42, 0 
[23:33:19] [info] APP: [Server] 416.24338, 92.35933 - 3.771e-42, 0 
[23:33:19] [info] APP: [Server] 416.24338, 92.35933 - 3.634e-42, 0 
[23:33:19] [info] APP: [Server] 416.24338, 92.35933 - 3.565e-42, 0 
[23:33:19] [info] APP: [Server] 416.24338, 92.35933 - 3.443e-42, 0 
[23:33:19] [info] APP: [Server] 416.24338, 92.35933 - 3.321e-42, 0 
[23:33:19] [info] APP: [Server] 416.24338, 92.35933 - 3.203e-42, 0 
[23:33:19] [info] APP: [Server] 416.24338, 92.35933 - 3.09e-42, 0 
[23:33:19] [info] APP: [Server] 416.24338, 92.35933 - 2.99e-42, 0 
[23:33:19] [info] APP: [Server] 416.24338, 92.35933 - 2.884e-42, 0 
[23:33:19] [info] APP: [Server] 416.24338, 92.35933 - 2.775e-42, 0 
[23:33:19] [info] APP: [Server] 416.24338, 92.35933 - 2.683e-42, 0 
[23:33:19] [info] APP: [Server] 416.24338, 92.35933 - 2.592e-42, 0 
[23:33:19] [info] APP: [Server] 416.24338, 92.35933 - 2.507e-42, 0 
[23:33:19] [info] APP: [Server] 416.24338, 92.35933 - 2.413e-42, 0 
[23:33:19] [info] APP: [Server] 416.24338, 92.35933 - 2.335e-42, 0 
[23:33:19] [info] APP: [Server] 416.24338, 92.35933 - 2.25e-42, 0 
[23:33:19] [info] APP: [Server] 416.24338, 92.35933 - 2.15e-42, 0 
[23:33:19] [info] APP: [Server] 416.24338, 92.35933 - 2.1e-42, 0 
[23:33:19] [info] APP: [Server] 416.24338, 92.35933 - 2.022e-42, 0 
[23:33:19] [info] APP: [Server] 416.24338, 92.35933 - 1.92e-42, 0 
[23:33:19] [info] APP: [Server] 416.24338, 92.35933 - 1.888e-42, 0 
[23:33:19] [info] APP: [Server] 416.24338, 92.35933 - 1.788e-42, 0 
[23:33:19] [info] APP: [Server] 416.24338, 92.35933 - 1.753e-42, 0 
[23:33:19] [info] APP: [Server] 416.24338, 92.35933 - 1.693e-42, 0 
[23:33:19] [info] APP: [Server] 416.24338, 92.35933 - 1.61e-42, 0 
[23:33:19] [info] APP: [Server] 416.24338, 92.35933 - 1.557e-42, 0 
[23:33:19] [info] APP: [Server] 416.24338, 92.35933 - 1.498e-42, 0 
[23:33:19] [info] APP: [Server] 416.24338, 92.35933 - 1.44e-42, 0 
[23:33:19] [info] APP: [Server] 416.24338, 92.35933 - 1.393e-42, 0 
[23:33:19] [info] APP: [Server] 416.24338, 92.35933 - 1.372e-42, 0 
[23:33:19] [info] APP: [Server] 416.24338, 92.35933 - 1.306e-42, 0 
[23:33:19] [info] APP: [Server] 416.24338, 92.35933 - 1.258e-42, 0 
[23:33:19] [info] APP: [Server] 416.24338, 92.35933 - 1.215e-42, 0 
[23:33:19] [info] APP: [Server] 416.24338, 92.35933 - 1.191e-42, 0 
[23:33:19] [info] APP: [Server] 416.24338, 92.35933 - 1.127e-42, 0 
[23:33:19] [info] APP: [Server] 416.24338, 92.35933 - 1.11e-42, 0 
[23:33:19] [info] APP: [Server] 416.24338, 92.35933 - 1.07e-42, 0 
[23:33:19] [info] APP: [Server] 416.24338, 92.35933 - 1.034e-42, 0 
[23:33:19] [info] APP: [Server] 416.24338, 92.35933 - 9.99e-43, 0 
[23:33:19] [info] APP: [Server] 416.24338, 92.35933 - 9.49e-43, 0 
[23:33:19] [info] APP: [Server] 416.24338, 92.35933 - 9.3e-43, 0 
[23:33:19] [info] APP: [Server] 416.24338, 92.35933 - 8.84e-43, 0 
[23:33:19] [info] APP: [Server] 416.24338, 92.35933 - 8.65e-43, 0 
[23:33:19] [info] APP: [Server] 416.24338, 92.35933 - 8.21e-43, 0 
[23:33:19] [info] APP: [Server] 416.24338, 92.35933 - 8.02e-43, 0 
[23:33:19] [info] APP: [Server] 416.24338, 92.35933 - 7.67e-43, 0 
[23:33:19] [info] APP: [Server] 416.24338, 92.35933 - 7.51e-43, 0 
[23:33:19] [info] APP: [Server] 416.24338, 92.35933 - 7.26e-43, 0 
[23:33:19] [info] APP: [Server] 416.24338, 92.35933 - 7e-43, 0 
[23:33:19] [info] APP: [Server] 416.24338, 92.35933 - 6.64e-43, 0 
[23:33:19] [info] APP: [Server] 416.24338, 92.35933 - 6.52e-43, 0 
[23:33:19] [info] APP: [Server] 416.24338, 92.35933 - 6.29e-43, 0 
[23:33:19] [info] APP: [Server] 416.24338, 92.35933 - 6.04e-43, 0 
[23:33:19] [info] APP: [Server] 416.24338, 92.35933 - 5.84e-43, 0 
[23:33:19] [info] APP: [Server] 416.24338, 92.35933 - 5.66e-43, 0 
[23:33:19] [info] APP: [Server] 416.24338, 92.35933 - 5.45e-43, 0 
[23:33:19] [info] APP: [Server] 416.24338, 92.35933 - 5.21e-43, 0 
[23:33:19] [info] APP: [Server] 416.24338, 92.35933 - 5.09e-43, 0 
[23:33:19] [info] APP: [Server] 416.24338, 92.35933 - 4.92e-43, 0 
[23:33:19] [info] APP: [Server] 416.24338, 92.35933 - 4.7e-43, 0 
[23:33:19] [info] APP: [Server] 416.24338, 92.35933 - 4.51e-43, 0 
[23:33:19] [info] APP: [Server] 416.24338, 92.35933 - 4.41e-43, 0 
[23:33:19] [info] APP: [Server] 416.24338, 92.35933 - 4.26e-43, 0 
[23:33:19] [info] APP: [Server] 416.24338, 92.35933 - 4.1e-43, 0 
[23:33:19] [info] APP: [Server] 416.24338, 92.35933 - 3.97e-43, 0 
[23:33:19] [info] APP: [Server] 416.24338, 92.35933 - 3.84e-43, 0 
[23:33:19] [info] APP: [Server] 416.24338, 92.35933 - 3.66e-43, 0 
[23:33:19] [info] APP: [Server] 416.24338, 92.35933 - 3.57e-43, 0 
[23:33:19] [info] APP: [Server] 416.24338, 92.35933 - 3.45e-43, 0 
[23:33:19] [info] APP: [Server] 416.24338, 92.35933 - 3.34e-43, 0 
[23:33:19] [info] APP: [Server] 416.24338, 92.35933 - 3.22e-43, 0 
[23:33:19] [info] APP: [Server] 416.24338, 92.35933 - 3.11e-43, 0 
[23:33:19] [info] APP: [Server] 416.24338, 92.35933 - 2.97e-43, 0 
[23:33:19] [info] APP: [Server] 416.24338, 92.35933 - 2.9e-43, 0 
[23:33:19] [info] APP: [Server] 416.24338, 92.35933 - 2.8e-43, 0 
[23:33:19] [info] APP: [Server] 416.24338, 92.35933 - 2.7e-43, 0 
[23:33:19] [info] APP: [Server] 416.24338, 92.35933 - 2.6e-43, 0 
[23:33:19] [info] APP: [Server] 416.24338, 92.35933 - 2.5e-43, 0 
[23:33:19] [info] APP: [Server] 416.24338, 92.35933 - 2.44e-43, 0 
[23:33:19] [info] APP: [Server] 416.24338, 92.35933 - 2.33e-43, 0 
[23:33:19] [info] APP: [Server] 416.24338, 92.35933 - 2.23e-43, 0 
[23:33:19] [info] APP: [Server] 416.24338, 92.35933 - 2.19e-43, 0 
[23:33:19] [info] APP: [Server] 416.24338, 92.35933 - 2.07e-43, 0 
[23:33:19] [info] APP: [Server] 416.24338, 92.35933 - 2.03e-43, 0 
[23:33:19] [info] APP: [Server] 416.24338, 92.35933 - 1.96e-43, 0 
[23:33:19] [info] APP: [Server] 416.24338, 92.35933 - 1.89e-43, 0 
[23:33:19] [info] APP: [Server] 416.24338, 92.35933 - 1.8e-43, 0 
[23:33:19] [info] APP: [Server] 416.24338, 92.35933 - 1.74e-43, 0 
[23:33:19] [info] APP: [Server] 416.24338, 92.35933 - 1.68e-43, 0 
[23:33:19] [info] APP: [Server] 416.24338, 92.35933 - 1.64e-43, 0 
[23:33:19] [info] APP: [Server] 416.24338, 92.35933 - 1.58e-43, 0 
[23:33:19] [info] APP: [Server] 416.24338, 92.35933 - 1.53e-43, 0 
[23:33:19] [info] APP: [Server] 416.24338, 92.35933 - 1.47e-43, 0 
[23:33:19] [info] APP: [Server] 416.24338, 92.35933 - 1.4e-43, 0 
[23:33:19] [info] APP: [Server] 416.24338, 92.35933 - 1.37e-43, 0 
[23:33:19] [info] APP: [Server] 416.24338, 92.35933 - 1.3e-43, 0 
[23:33:19] [info] APP: [Server] 416.24338, 92.35933 - 1.28e-43, 0 
[23:33:19] [info] APP: [Server] 416.24338, 92.35933 - 1.22e-43, 0 
[23:33:19] [info] APP: [Server] 416.24338, 92.35933 - 1.19e-43, 0 
[23:33:19] [info] APP: [Server] 416.24338, 92.35933 - 1.15e-43, 0 
[23:33:19] [info] APP: [Server] 416.24338, 92.35933 - 1.08e-43, 0 
[23:33:19] [info] APP: [Server] 416.24338, 92.35933 - 1.06e-43, 0 
[23:33:20] [info] APP: [Server] 416.24338, 92.35933 - 1.02e-43, 0 
[23:33:20] [info] APP: [Server] 416.24338, 92.35933 - 1e-43, 0 
[23:33:20] [info] APP: [Server] 416.24338, 92.35933 - 9.4e-44, 0 
[23:33:20] [info] APP: [Server] 416.24338, 92.35933 - 9.1e-44, 0 
[23:33:20] [info] APP: [Server] 416.24338, 92.35933 - 9e-44, 0 
[23:33:20] [info] APP: [Server] 416.24338, 92.35933 - 8.7e-44, 0 
[23:33:20] [info] APP: [Server] 416.24338, 92.35933 - 8.4e-44, 0 
[23:33:20] [info] APP: [Server] 416.24338, 92.35933 - 8.1e-44, 0 
[23:33:20] [info] APP: [Server] 416.24338, 92.35933 - 7.7e-44, 0 
[23:33:20] [info] APP: [Server] 416.24338, 92.35933 - 7.4e-44, 0 
[23:33:20] [info] APP: [Server] 416.24338, 92.35933 - 7.3e-44, 0 
[23:33:20] [info] APP: [Server] 416.24338, 92.35933 - 7e-44, 0 
[23:33:20] [info] APP: [Server] 416.24338, 92.35933 - 6.7e-44, 0 
[23:33:20] [info] APP: [Server] 416.24338, 92.35933 - 6.4e-44, 0 
[23:33:20] [info] APP: [Server] 416.24338, 92.35933 - 6.3e-44, 0 
[23:33:20] [info] APP: [Server] 416.24338, 92.35933 - 6e-44, 0 
[23:33:20] [info] APP: [Server] 416.24338, 92.35933 - 5.9e-44, 0 
[23:33:20] [info] APP: [Server] 416.24338, 92.35933 - 5.7e-44, 0 
[23:33:20] [info] APP: [Server] 416.24338, 92.35933 - 5.6e-44, 0 
[23:33:20] [info] APP: [Server] 416.90787, 92.35933 - 96.55914, 0 
[23:33:20] [info] APP: [Server] 417.58585, 92.35933 - 96.486664, 0 
[23:33:20] [info] APP: [Server] 418.5044, 92.35933 - 95.17441, 0 
[23:33:20] [info] APP: [Server] 419.18237, 92.35933 - 96.486664, 0 
[23:33:20] [info] APP: [Server] 419.5844, 92.35933 - 97.94769, 0 
[23:33:20] [info] APP: [Server] 420.24393, 92.35933 - 96.585846, 0 
[23:33:20] [info] APP: [Server] 420.91483, 92.35933 - 96.52481, 0 
[23:33:20] [info] APP: [Server] 421.75024, 92.35933 - 95.63217, 0 
[23:33:20] [info] APP: [Server] 422.56824, 92.35933 - 95.72754, 0 
[23:33:20] [info] APP: [Server] 423.31897, 92.35933 - 96.09375, 0 
[23:33:20] [info] APP: [Server] 423.92072, 92.35933 - 96.89484, 0 
[23:33:20] [info] APP: [Server] 424.28757, 92.35933 - 98.1308, 0 
[23:33:20] [info] APP: [Server] 424.9542, 92.35933 - 96.5477, 0 
[23:33:20] [info] APP: [Server] 425.62082, 92.35933 - 96.5477, 0 
[23:33:20] [info] APP: [Server] 426.23972, 92.35933 - 96.80328, 0 
[23:33:20] [info] APP: [Server] 427.11334, 92.35933 - 95.42236, 0 
[23:33:20] [info] APP: [Server] 427.57736, 92.35933 - 97.62344, 0 
[23:33:20] [info] APP: [Server] 428.44128, 92.35933 - 95.47577, 0 
[23:33:20] [info] APP: [Server] 428.90094, 92.35933 - 97.64633, 0 
[23:33:20] [info] APP: [Server] 429.84494, 92.35933 - 95.033264, 0 
[23:33:20] [info] APP: [Server] 430.5463, 92.35933 - 96.36078, 0 
[23:33:20] [info] APP: [Server] 430.91168, 92.35933 - 98.13843, 0 
[23:33:20] [info] APP: [Server] 431.60455, 92.35933 - 96.406555, 0 
[23:33:20] [info] APP: [Server] 432.32074, 92.35933 - 96.28067, 0 
[23:33:20] [info] APP: [Server] 432.9382, 92.35933 - 96.81091, 0 
[23:33:20] [info] APP: [Server] 433.60483, 92.35933 - 96.5477, 0 
[23:33:20] [info] APP: [Server] 434.20786, 92.96235 - 67.554726, 67.554726 
[23:33:20] [info] APP: [Server] 434.68677, 93.44125 - 68.22907, 68.22907 
[23:33:20] [info] APP: [Server] 435.01437, 93.768845 - 69.0329, 69.0329 
[23:33:20] [info] APP: [Server] 435.48474, 94.23921 - 68.274925, 68.274925 
[23:33:20] [info] APP: [Server] 435.96265, 94.71711 - 68.23447, 68.23447 
[23:33:20] [info] APP: [Server] 436.5833, 95.33779 - 67.45762, 67.45762 
[23:33:20] [info] APP: [Server] 436.9222, 95.67668 - 68.97356, 68.97356 
[23:33:20] [info] APP: [Server] 437.5468, 96.30128 - 67.436035, 67.436035 
[23:33:20] [info] APP: [Server] 437.84607, 96.60055 - 69.18125, 69.18125 
[23:33:20] [info] APP: [Server] 438.33047, 97.08497 - 68.1994, 68.1994 
[23:33:20] [info] APP: [Server] 438.33047, 97.75017 - 0, 96.55533 
[23:33:20] [info] APP: [Server] 438.33047, 98.60783 - 0, 95.5101 
[23:33:20] [info] APP: [Server] 438.33047, 99.07838 - 0, 97.58911 
[23:33:20] [info] APP: [Server] 438.33047, 99.77973 - 0, 96.36078 
[23:33:20] [info] APP: [Server] 438.33047, 100.471886 - 0, 96.41037 
[23:33:20] [info] APP: [Server] 438.33047, 101.17324 - 0, 96.36078 
[23:33:20] [info] APP: [Server] 438.33047, 101.753494 - 0, 97.00928 
[23:33:20] [info] APP: [Server] 438.33047, 102.45768 - 0, 96.34552 
[23:33:20] [info] APP: [Server] 438.33047, 103.10582 - 0, 96.64688 
[23:33:20] [info] APP: [Server] 438.33047, 103.75253 - 0, 96.65451 
[23:33:20] [info] APP: [Server] 438.33047, 104.68141 - 0, 95.11719 
[23:33:20] [info] APP: [Server] 438.33047, 105.0988 - 0, 97.867584 
[23:33:20] [info] APP: [Server] 438.33047, 105.78458 - 0, 96.4447 
[23:33:20] [info] APP: [Server] 438.33047, 106.45417 - 0, 92.97166 
[23:33:20] [info] APP: [Server] 438.33047, 107.034225 - 0, 89.97479 
[23:33:20] [info] APP: [Server] 438.33047, 107.825874 - 0, 85.82518 
[23:33:20] [info] APP: [Server] 438.33047, 108.21351 - 0, 83.841156 
[23:33:20] [info] APP: [Server] 438.33047, 108.92326 - 0, 80.127945 
[23:33:20] [info] APP: [Server] 438.33047, 109.49148 - 0, 77.17829 
[23:33:20] [info] APP: [Server] 438.33047, 109.830505 - 0, 75.44421 
[23:33:20] [info] APP: [Server] 438.33047, 110.35002 - 0, 72.75043 
[23:33:20] [info] APP: [Server] 438.33047, 110.85872 - 0, 70.111206 
[23:33:20] [info] APP: [Server] 438.33047, 111.30265 - 0, 67.81646 
[23:33:20] [info] APP: [Server] 438.33047, 111.76099 - 0, 65.4416 
[23:33:20] [info] APP: [Server] 438.33047, 112.30997 - 0, 62.57074 
[23:33:20] [info] APP: [Server] 438.33047, 112.6239 - 0, 60.959595 
[23:33:20] [info] APP: [Server] 438.33047, 113.04368 - 0, 58.782997 
[23:33:20] [info] APP: [Server] 438.33047, 113.42844 - 0, 56.79175 
[23:33:20] [info] APP: [Server] 438.33047, 113.81065 - 0, 54.81163 
[23:33:20] [info] APP: [Server] 438.33047, 114.163956 - 0, 52.984184 
[23:33:20] [info] APP: [Server] 438.33047, 114.54829 - 0, 50.98725 
[23:33:20] [info] APP: [Server] 438.33047, 114.872215 - 0, 49.3126 
[23:33:20] [info] APP: [Server] 438.33047, 115.22435 - 0, 47.484146 
[23:33:20] [info] APP: [Server] 438.33047, 115.52975 - 0, 45.904625 
[23:33:20] [info] APP: [Server] 438.33047, 115.830864 - 0, 44.346127 
[23:33:20] [info] APP: [Server] 438.33047, 116.12995 - 0, 42.796555 
[23:33:20] [info] APP: [Server] 438.33047, 116.425865 - 0, 41.261948 
[23:33:20] [info] APP: [Server] 438.33047, 116.68477 - 0, 39.92403 
[23:33:20] [info] APP: [Server] 438.33047, 116.95799 - 0, 38.50766 
[23:33:20] [info] APP: [Server] 438.33047, 117.21059 - 0, 37.200294 
[23:33:20] [info] APP: [Server] 438.33047, 117.459366 - 0, 35.91177 
[23:33:20] [info] APP: [Server] 438.33047, 117.80429 - 0, 34.09525 
[23:33:20] [info] APP: [Server] 438.33047, 118.058334 - 0, 32.773808 
[23:33:20] [info] APP: [Server] 438.33047, 118.14809 - 0, 32.318726 
[23:33:20] [info] APP: [Server] 438.33047, 118.36606 - 0, 31.189425 
[23:33:20] [info] APP: [Server] 438.33047, 118.6699 - 0, 29.587978 
[23:33:20] [info] APP: [Server] 438.33047, 118.77453 - 0, 29.055235 
[23:33:20] [info] APP: [Server] 438.33047, 118.97008 - 0, 28.042185 
[23:33:20] [info] APP: [Server] 438.33047, 119.2294 - 0, 26.679356 
[23:33:20] [info] APP: [Server] 438.33047, 119.335884 - 0, 26.135883 
[23:33:20] [info] APP: [Server] 438.33047, 119.52731 - 0, 25.140873 
[23:33:20] [info] APP: [Server] 438.33047, 119.69008 - 0, 24.298828 
[23:33:20] [info] APP: [Server] 438.33047, 119.8512 - 0, 23.464594 
[23:33:20] [info] APP: [Server] 438.33047, 120.05032 - 0, 22.422693 
[23:33:20] [info] APP: [Server] 438.33047, 120.15225 - 0, 21.900925 
[23:33:20] [info] APP: [Server] 438.33047, 120.302444 - 0, 21.122282 
[23:33:20] [info] APP: [Server] 438.33047, 120.48639 - 0, 20.158604 
[23:33:20] [info] APP: [Server] 438.33047, 120.58008 - 0, 19.678755 
[23:33:20] [info] APP: [Server] 438.33047, 120.71559 - 0, 18.976114 
[23:33:20] [info] APP: [Server] 438.33047, 120.889244 - 0, 18.064024 
[23:33:20] [info] APP: [Server] 438.33047, 120.9616 - 0, 17.694674 
[23:33:20] [info] APP: [Server] 438.33047, 121.12913 - 0, 16.813126 
[23:33:20] [info] APP: [Server] 438.33047, 121.25132 - 0, 16.17817 
[23:33:20] [info] APP: [Server] 438.33047, 121.31423 - 0, 15.857252 
[23:33:20] [info] APP: [Server] 438.33047, 121.413055 - 0, 15.346711 
[23:33:20] [info] APP: [Server] 438.33047, 121.52156 - 0, 14.783527 
[23:33:20] [info] APP: [Server] 438.33047, 121.61221 - 0, 14.315452 
[23:33:20] [info] APP: [Server] 438.33047, 121.70592 - 0, 13.830523 
[23:33:20] [info] APP: [Server] 438.33047, 121.801155 - 0, 13.336696 
[23:33:20] [info] APP: [Server] 438.33047, 121.89034 - 0, 12.874746 
[23:33:20] [info] APP: [Server] 438.33047, 122.01735 - 0, 12.204842 
[23:33:20] [info] APP: [Server] 438.33047, 122.090614 - 0, 11.826793 
[23:33:20] [info] APP: [Server] 438.33047, 122.13816 - 0, 11.58407 
[23:33:20] [info] APP: [Server] 438.33047, 122.239525 - 0, 11.05291 
[23:33:20] [info] APP: [Server] 438.33047, 122.29682 - 0, 10.758609 
[23:33:20] [info] APP: [Server] 438.33047, 122.36341 - 0, 10.414686 
[23:33:20] [info] APP: [Server] 438.33047, 122.433945 - 0, 10.049181 
[23:33:20] [info] APP: [Server] 438.33047, 122.49972 - 0, 9.70877 
[23:33:20] [info] APP: [Server] 438.33047, 122.58642 - 0, 9.253967 
[23:33:20] [info] APP: [Server] 438.33047, 122.62821 - 0, 9.040043 
[23:33:20] [info] APP: [Server] 438.33047, 122.687126 - 0, 8.735195 
[23:33:20] [info] APP: [Server] 438.33047, 122.75111 - 0, 8.40264 
[23:33:20] [info] APP: [Server] 438.33047, 122.80383 - 0, 8.130185 
[23:33:20] [info] APP: [Server] 438.33047, 122.85797 - 0, 7.849817 
[23:33:20] [info] APP: [Server] 438.33047, 122.91158 - 0, 7.5719304 
[23:33:20] [info] APP: [Server] 438.33047, 122.96254 - 0, 7.3079247 
[23:33:20] [info] APP: [Server] 438.33047, 123.01016 - 0, 7.0614877 
[23:33:20] [info] APP: [Server] 438.33047, 123.05718 - 0, 6.817973 
[23:33:20] [info] APP: [Server] 438.33047, 123.10413 - 0, 6.5745335 
[23:33:21] [info] APP: [Server] 438.33047, 123.14773 - 0, 6.348815 
[23:33:21] [info] APP: [Server] 438.33047, 123.189285 - 0, 6.133752 
[23:33:21] [info] APP: [Server] 438.33047, 123.23057 - 0, 5.9198904 
[23:33:21] [info] APP: [Server] 438.33047, 123.27083 - 0, 5.7112274 
[23:33:21] [info] APP: [Server] 438.33047, 123.30797 - 0, 5.5190697 
[23:33:21] [info] APP: [Server] 438.33047, 123.34668 - 0, 5.3182187 
[23:33:21] [info] APP: [Server] 438.33047, 123.382774 - 0, 5.131169 
[23:33:21] [info] APP: [Server] 438.33047, 123.416435 - 0, 4.9569616 
[23:33:21] [info] APP: [Server] 438.33047, 123.44937 - 0, 4.7864 
[23:33:21] [info] APP: [Server] 438.33047, 123.48063 - 0, 4.624628 
[23:33:21] [info] APP: [Server] 438.33047, 123.52238 - 0, 4.40552 
[23:33:21] [info] APP: [Server] 438.33047, 123.55527 - 0, 4.2344375 
[23:33:21] [info] APP: [Server] 438.33047, 123.57111 - 0, 4.153672 
[23:33:21] [info] APP: [Server] 438.33047, 123.598656 - 0, 4.0110674 
[23:33:21] [info] APP: [Server] 438.33047, 123.63767 - 0, 3.8054218 
[23:33:21] [info] APP: [Server] 438.33047, 123.65029 - 0, 3.7412589 
[23:33:21] [info] APP: [Server] 438.33047, 123.686584 - 0, 3.550017 
[23:33:21] [info] APP: [Server] 438.33047, 123.70055 - 0, 3.478785 
[23:33:21] [info] APP: [Server] 438.33047, 123.73467 - 0, 3.298837 
[23:33:21] [info] APP: [Server] 438.33047, 123.74595 - 0, 3.2414536 
[23:33:21] [info] APP: [Server] 438.33047, 123.76855 - 0, 3.1242318 
[23:33:21] [info] APP: [Server] 438.33047, 123.78904 - 0, 3.0181615 
[23:33:21] [info] APP: [Server] 438.33047, 123.81012 - 0, 2.9087844 
[23:33:21] [info] APP: [Server] 438.33047, 123.82903 - 0, 2.8109164 
[23:33:21] [info] APP: [Server] 438.33047, 123.84791 - 0, 2.7131245 
[23:33:21] [info] APP: [Server] 438.33047, 123.87479 - 0, 2.571333 
[23:33:21] [info] APP: [Server] 438.33047, 123.892456 - 0, 2.4797182 
[23:33:21] [info] APP: [Server] 438.33047, 123.90872 - 0, 2.3955297 
[23:33:21] [info] APP: [Server] 438.33047, 123.92654 - 0, 2.3028681 
[23:33:21] [info] APP: [Server] 438.33047, 123.93157 - 0, 2.2773924 
[23:33:21] [info] APP: [Server] 438.33047, 123.94845 - 0, 2.189648 
[23:33:21] [info] APP: [Server] 438.33047, 123.9615 - 0, 2.122324 
[23:33:21] [info] APP: [Server] 438.33047, 123.975845 - 0, 2.0480025 
[23:33:21] [info] APP: [Server] 438.33047, 123.989334 - 0, 1.9781586 
[23:33:21] [info] APP: [Server] 438.33047, 124.00893 - 0, 1.8747773 
[23:33:21] [info] APP: [Server] 438.33047, 124.01539 - 0, 1.8418795 
[23:33:21] [info] APP: [Server] 438.33047, 124.03107 - 0, 1.7598133 
[23:33:21] [info] APP: [Server] 438.33047, 124.039604 - 0, 1.7160436 
[23:33:21] [info] APP: [Server] 438.33047, 124.051544 - 0, 1.6541166 
[23:33:21] [info] APP: [Server] 438.33047, 124.065605 - 0, 1.5805426 
[23:33:21] [info] APP: [Server] 438.33047, 124.07684 - 0, 1.522179 
[23:33:21] [info] APP: [Server] 438.33047, 124.08711 - 0, 1.4689901 
[23:33:21] [info] APP: [Server] 438.33047, 124.09278 - 0, 1.4400747 
[23:33:21] [info] APP: [Server] 438.33047, 124.10276 - 0, 1.3883264 
[23:33:21] [info] APP: [Server] 438.33047, 124.11228 - 0, 1.3389673 
[23:33:21] [info] APP: [Server] 438.33047, 124.124146 - 0, 1.2767549 
[23:33:21] [info] APP: [Server] 438.33047, 124.12991 - 0, 1.2472401 
[23:33:21] [info] APP: [Server] 438.33047, 124.1377 - 0, 1.2069887 
[23:33:21] [info] APP: [Server] 438.33047, 124.1463 - 0, 1.162327 
[23:33:21] [info] APP: [Server] 438.33047, 124.15665 - 0, 1.1080558 
[23:33:21] [info] APP: [Server] 438.33047, 124.16459 - 0, 1.0668013 
[23:33:21] [info] APP: [Server] 438.33047, 124.16855 - 0, 1.0466164 
[23:33:21] [info] APP: [Server] 438.33047, 124.177635 - 0, 0.9990255 
[23:33:21] [info] APP: [Server] 438.33047, 124.18519 - 0, 0.95969623 
[23:33:21] [info] APP: [Server] 438.33047, 124.188866 - 0, 0.9409522 
[23:33:21] [info] APP: [Server] 438.33047, 124.19523 - 0, 0.90800107 
[23:33:21] [info] APP: [Server] 438.33047, 124.20117 - 0, 0.877243 
[23:33:21] [info] APP: [Server] 438.33047, 124.207214 - 0, 0.8459205 
[23:33:21] [info] APP: [Server] 438.33047, 124.212814 - 0, 0.8169427 
[23:33:21] [info] APP: [Server] 438.33047, 124.21812 - 0, 0.7895185 
[23:33:21] [info] APP: [Server] 438.33047, 124.22345 - 0, 0.7618704 
[23:33:21] [info] APP: [Server] 438.33047, 124.22858 - 0, 0.73530674 
[23:33:21] [info] APP: [Server] 438.33047, 124.23499 - 0, 0.7017032 
[23:33:21] [info] APP: [Server] 438.33047, 124.23825 - 0, 0.68500006 
[23:33:21] [info] APP: [Server] 438.33047, 124.242805 - 0, 0.6614302 
[23:33:21] [info] APP: [Server] 438.33047, 124.24715 - 0, 0.6389741 
[23:33:21] [info] APP: [Server] 438.33047, 124.25321 - 0, 0.6070429 
[23:33:21] [info] APP: [Server] 438.33047, 124.25569 - 0, 0.5943993 
[23:33:21] [info] APP: [Server] 438.33047, 124.25989 - 0, 0.5726317 
[23:33:21] [info] APP: [Server] 438.33047, 124.26363 - 0, 0.5532341 
[23:33:21] [info] APP: [Server] 438.33047, 125.11504 - 0, 95.54443 
[23:33:21] [info] APP: [Server] 438.33047, 125.56233 - 0, 97.71118 
[23:33:21] [info] APP: [Server] 438.33047, 126.262276 - 0, 96.36841 
[23:33:21] [info] APP: [Server] 438.33047, 126.92535 - 0, 96.56677 
[23:33:21] [info] APP: [Server] 438.33047, 127.58273 - 0, 96.59729 
[23:33:21] [info] APP: [Server] 438.33047, 128.43414 - 0, 95.54443 
[23:33:21] [info] APP: [Server] 438.33047, 129.11142 - 0, 96.49048 
[23:33:21] [info] APP: [Server] 438.33047, 129.86636 - 0, 96.07086 
[23:33:21] [info] APP: [Server] 438.33047, 130.2435 - 0, 98.07739 
[23:33:21] [info] APP: [Server] 438.33047, 131.2709 - 0, 94.56787 
[23:33:21] [info] APP: [Server] 438.33047, 131.58473 - 0, 98.40546 
[23:33:21] [info] APP: [Server] 438.33047, 132.50397 - 0, 95.17059 
[23:33:21] [info] APP: [Server] 438.33047, 133.2912 - 0, 95.895386 
[23:33:21] [info] APP: [Server] 438.33047, 133.59468 - 0, 98.45886 
[23:33:21] [info] APP: [Server] 438.33047, 134.23213 - 0, 96.7041 
[23:33:21] [info] APP: [Server] 438.33047, 134.91649 - 0, 96.45233 
[23:33:21] [info] APP: [Server] 438.33047, 135.58809 - 0, 96.520996 
[23:33:21] [info] APP: [Server] 438.33047, 136.30641 - 0, 96.269226 
[23:33:21] [info] APP: [Server] 438.33047, 136.94101 - 0, 96.71936 
[23:33:21] [info] APP: [Server] 438.33047, 137.5799 - 0, 96.69647 
[23:33:21] [info] APP: [Server] 438.33047, 138.26001 - 0, 96.47522 
[23:33:21] [info] APP: [Server] 438.33047, 138.91597 - 0, 96.60492 
[23:33:21] [info] APP: [Server] 438.33047, 139.7771 - 0, 95.49103 
[23:33:21] [info] APP: [Server] 438.33047, 140.26216 - 0, 97.51282 
[23:33:21] [info] APP: [Server] 438.33047, 141.23909 - 0, 94.85016 
[23:33:21] [info] APP: [Server] 438.33047, 141.57652 - 0, 98.28339 
[23:33:21] [info] APP: [Server] 438.33047, 142.2623 - 0, 96.4447 
[23:33:21] [info] APP: [Server] 438.33047, 143.25974 - 0, 94.73572 
[23:33:21] [info] APP: [Server] 438.33047, 143.60158 - 0, 98.2605 
[23:33:21] [info] APP: [Server] 438.33047, 144.26465 - 0, 96.56677 
[23:33:21] [info] APP: [Server] 438.8184, 144.75258 - 68.18052, 68.18052 
[23:33:21] [info] APP: [Server] 439.2993, 145.23349 - 68.218285, 68.218285 
[23:33:21] [info] APP: [Server] 439.76212, 145.69632 - 68.31539, 68.31539 
[23:33:21] [info] APP: [Server] 440.21085, 146.14505 - 68.390915, 68.390915 
[23:33:21] [info] APP: [Server] 440.69077, 146.62495 - 68.22368, 68.22368 
[23:33:21] [info] APP: [Server] 441.16666, 147.10085 - 68.245255, 68.245255 
[23:33:21] [info] APP: [Server] 441.64355, 147.57774 - 68.23986, 68.23986 
[23:33:21] [info] APP: [Server] 442.12247, 148.05664 - 68.22907, 68.22907 
[23:33:21] [info] APP: [Server] 442.72452, 148.65868 - 67.56012, 67.56012 
[23:33:21] [info] APP: [Server] 443.04904, 148.98318 - 69.04908, 69.04908 
[23:33:21] [info] APP: [Server] 443.54797, 149.48212 - 68.12118, 68.12118 
[23:33:21] [info] APP: [Server] 444.13132, 150.06544 - 67.66262, 67.66262 
[23:33:21] [info] APP: [Server] 444.71365, 150.6478 - 67.668015, 67.668015 
[23:33:21] [info] APP: [Server] 445.10364, 151.03778 - 68.70381, 68.70381 
[23:33:21] [info] APP: [Server] 445.40445, 151.3386 - 69.173164, 69.173164 
[23:33:21] [info] APP: [Server] 446.0904, 152.02454 - 67.09616, 67.09616 
[23:33:21] [info] APP: [Server] 446.37466, 152.30882 - 69.259476, 69.259476 
[23:33:21] [info] APP: [Server] 446.85657, 152.79074 - 68.21289, 68.21289 
[23:33:21] [info] APP: [Server] 447.5046, 153.43878 - 67.306564, 67.306564 
[23:33:21] [info] APP: [Server] 447.764, 153.69818 - 69.388954, 69.388954 
[23:33:21] [info] APP: [Server] 448.42764, 154.36182 - 67.220245, 67.220245 
[23:33:21] [info] APP: [Server] 448.7429, 154.67706 - 69.09763, 69.09763 
[23:33:21] [info] APP: [Server] 449.39484, 155.32901 - 67.28498, 67.28498 
[23:33:21] [info] APP: [Server] 449.6563, 155.59048 - 69.37817, 69.37817 
[23:33:21] [info] APP: [Server] 450.16824, 156.1024 - 68.05104, 68.05104 
[23:33:21] [info] APP: [Server] 450.61295, 156.5471 - 68.4125, 68.4125 
[23:33:21] [info] APP: [Server] 451.08582, 157.01999 - 68.261444, 68.261444 
[23:33:21] [info] APP: [Server] 451.71042, 157.64459 - 67.436035, 67.436035 
[23:33:21] [info] APP: [Server] 452.06366, 157.99783 - 68.898026, 68.898026 
[23:33:21] [info] APP: [Server] 452.49826, 158.43243 - 68.466446, 68.466446 
[23:33:21] [info] APP: [Server] 453.00818, 158.94235 - 68.06184, 68.06184 
[23:33:21] [info] APP: [Server] 453.468, 159.40216 - 68.33157, 68.33157 
[23:33:21] [info] APP: [Server] 453.92075, 159.85492 - 68.36934, 68.36934 
[23:33:21] [info] APP: [Server] 454.38055, 160.31473 - 68.33157, 68.33157 
[23:33:21] [info] APP: [Server] 455.055, 160.31473 - 96.50574, 0 
[23:33:21] [info] APP: [Server] 455.76624, 160.31473 - 96.30737, 0 
[23:33:21] [info] APP: [Server] 456.65924, 160.31473 - 95.31555, 0 
[23:33:21] [info] APP: [Server] 457.05396, 160.31473 - 97.98584, 0 
[23:33:21] [info] APP: [Server] 457.73407, 160.31473 - 96.47522, 0 
[23:33:21] [info] APP: [Server] 458.66156, 160.31473 - 95.12482, 0 
[23:33:21] [info] APP: [Server] 459.04678, 160.31473 - 93.15805, 0 
[23:33:21] [info] APP: [Server] 459.68433, 160.31473 - 89.85311, 0 
[23:33:21] [info] APP: [Server] 460.2865, 160.31473 - 86.73397, 0 
[23:33:21] [info] APP: [Server] 461.06464, 160.31473 - 82.65111, 0 
[23:33:21] [info] APP: [Server] 461.6068, 160.31473 - 79.84504, 0 
[23:33:22] [info] APP: [Server] 461.96045, 160.31473 - 78.035805, 0 
[23:33:22] [info] APP: [Server] 462.48453, 160.31473 - 75.32094, 0 
[23:33:22] [info] APP: [Server] 462.9786, 160.31473 - 72.76373, 0 
[23:33:22] [info] APP: [Server] 463.50024, 160.31473 - 70.054634, 0 
[23:33:22] [info] APP: [Server] 463.94482, 160.31473 - 67.75639, 0 
[23:33:22] [info] APP: [Server] 464.40277, 160.31473 - 65.38364, 0 
[23:33:22] [info] APP: [Server] 464.98846, 160.31473 - 62.3108, 0 
[23:33:22] [info] APP: [Server] 465.24628, 160.31473 - 60.993958, 0 
[23:33:22] [info] APP: [Server] 465.6611, 160.31473 - 58.844055, 0 
[23:33:22] [info] APP: [Server] 466.24078, 160.31473 - 55.786743, 0 
[23:33:22] [info] APP: [Server] 466.44135, 160.31473 - 54.76526, 0 
[23:33:22] [info] APP: [Server] 466.80682, 160.31473 - 52.87251, 0 
[23:33:22] [info] APP: [Server] 467.32623, 160.31473 - 50.133522, 0 
[23:33:22] [info] APP: [Server] 467.4865, 160.31473 - 49.31882, 0 
[23:33:22] [info] APP: [Server] 467.8352, 160.31473 - 47.50895, 0 
[23:33:22] [info] APP: [Server] 468.36893, 160.31473 - 44.670853, 0 
[23:33:22] [info] APP: [Server] 468.60306, 160.31473 - 43.46779, 0 
[23:33:22] [info] APP: [Server] 468.74203, 160.31473 - 42.76141, 0 
[23:33:22] [info] APP: [Server] 469.03226, 160.31473 - 41.257427, 0 
[23:33:22] [info] APP: [Server] 469.2976, 160.31473 - 39.885033, 0 
[23:33:22] [info] APP: [Server] 469.56433, 160.31473 - 38.503517, 0 
[23:33:22] [info] APP: [Server] 469.83493, 160.31473 - 37.09935, 0 
[23:33:22] [info] APP: [Server] 470.17545, 160.31473 - 35.3105, 0 
[23:33:22] [info] APP: [Server] 470.4435, 160.31473 - 33.91502, 0 
[23:33:22] [info] APP: [Server] 470.55246, 160.31473 - 33.361294, 0 
[23:33:22] [info] APP: [Server] 470.7675, 160.31473 - 32.249012, 0 
[23:33:22] [info] APP: [Server] 471.06436, 160.31473 - 30.689116, 0 
[23:33:22] [info] APP: [Server] 471.28525, 160.31473 - 29.541832, 0 
[23:33:22] [info] APP: [Server] 471.39014, 160.31473 - 29.007666, 0 
[23:33:22] [info] APP: [Server] 471.67154, 160.31473 - 27.524883, 0 
[23:33:22] [info] APP: [Server] 471.77576, 160.31473 - 26.993587, 0 
[23:33:22] [info] APP: [Server] 471.95895, 160.31473 - 26.044182, 0 
[23:33:22] [info] APP: [Server] 472.13202, 160.31473 - 25.148039, 0 
[23:33:22] [info] APP: [Server] 472.2927, 160.31473 - 24.317266, 0 
[23:33:22] [info] APP: [Server] 472.46085, 160.31473 - 23.445293, 0 
[23:33:22] [info] APP: [Server] 472.68442, 160.31473 - 22.268307, 0 
[23:33:22] [info] APP: [Server] 472.76447, 160.31473 - 21.860561, 0 
[23:33:22] [info] APP: [Server] 472.9122, 160.31473 - 21.095028, 0 
[23:33:22] [info] APP: [Server] 473.11395, 160.31473 - 20.032808, 0 
[23:33:22] [info] APP: [Server] 473.26068, 160.31473 - 19.270145, 0 
[23:33:22] [info] APP: [Server] 473.41104, 160.31473 - 18.48653, 0 
[23:33:22] [info] APP: [Server] 473.5183, 160.31473 - 17.93365, 0 
[23:33:22] [info] APP: [Server] 473.56955, 160.31473 - 17.673685, 0 
[23:33:22] [info] APP: [Server] 473.68674, 160.31473 - 17.066908, 0 
[23:33:22] [info] APP: [Server] 473.8016, 160.31473 - 16.471848, 0 
[23:33:22] [info] APP: [Server] 473.9169, 160.31473 - 15.873657, 0 
[23:33:22] [info] APP: [Server] 474.0201, 160.31473 - 15.339578, 0 
[23:33:22] [info] APP: [Server] 474.12747, 160.31473 - 14.782507, 0 
[23:33:22] [info] APP: [Server] 474.22403, 160.31473 - 14.282885, 0 
[23:33:22] [info] APP: [Server] 474.31628, 160.31473 - 13.805597, 0 
[23:33:22] [info] APP: [Server] 474.4102, 160.31473 - 13.31898, 0 
[23:33:22] [info] APP: [Server] 474.52655, 160.31473 - 12.709286, 0 
[23:33:22] [info] APP: [Server] 474.63068, 160.31473 - 12.165317, 0 
[23:33:22] [info] APP: [Server] 474.66562, 160.31473 - 11.988042, 0 
[23:33:22] [info] APP: [Server] 474.77383, 160.31473 - 11.420066, 0 
[23:33:22] [info] APP: [Server] 474.82324, 160.31473 - 11.167394, 0 
[23:33:22] [info] APP: [Server] 474.8976, 160.31473 - 10.782288, 0 
[23:33:22] [info] APP: [Server] 474.97217, 160.31473 - 10.395655, 0 
[23:33:22] [info] APP: [Server] 475.0676, 160.31473 - 9.8944, 0 
[23:33:22] [info] APP: [Server] 475.10635, 160.31473 - 9.69662, 0 
[23:33:22] [info] APP: [Server] 475.19214, 160.31473 - 9.246825, 0 
[23:33:22] [info] APP: [Server] 475.2697, 160.31473 - 8.841176, 0 
[23:33:22] [info] APP: [Server] 475.31555, 160.31473 - 8.605765, 0 
[23:33:22] [info] APP: [Server] 475.3548, 160.31473 - 8.404856, 0 
[23:33:22] [info] APP: [Server] 475.40945, 160.31473 - 8.122069, 0 
[23:33:22] [info] APP: [Server] 475.48602, 160.31473 - 7.7192874, 0 
[23:33:22] [info] APP: [Server] 475.5406, 160.31473 - 7.43601, 0 
[23:33:22] [info] APP: [Server] 475.59012, 160.31473 - 7.17958, 0 
[23:33:22] [info] APP: [Server] 475.61392, 160.31473 - 7.0585256, 0 
[23:33:22] [info] APP: [Server] 475.6788, 160.31473 - 6.717641, 0 
[23:33:22] [info] APP: [Server] 475.706, 160.31473 - 6.578749, 0 
[23:33:22] [info] APP: [Server] 475.75046, 160.31473 - 6.3483686, 0 
[23:33:22] [info] APP: [Server] 475.79453, 160.31473 - 6.119759, 0 
[23:33:22] [info] APP: [Server] 475.83685, 160.31473 - 5.9003158, 0 
[23:33:22] [info] APP: [Server] 475.87454, 160.31473 - 5.705397, 0 
[23:33:22] [info] APP: [Server] 475.9288, 160.31473 - 5.419849, 0 
[23:33:22] [info] APP: [Server] 475.94852, 160.31473 - 5.319368, 0 
[23:33:22] [info] APP: [Server] 475.985, 160.31473 - 5.1302485, 0 
[23:33:22] [info] APP: [Server] 476.01987, 160.31473 - 4.9494185, 0 
[23:33:22] [info] APP: [Server] 476.05353, 160.31473 - 4.7749624, 0 
[23:33:22] [info] APP: [Server] 476.08554, 160.31473 - 4.6092057, 0 
[23:33:22] [info] APP: [Server] 476.11676, 160.31473 - 4.4474444, 0 
[23:33:22] [info] APP: [Server] 476.15698, 160.31473 - 4.2363915, 0 
[23:33:22] [info] APP: [Server] 476.1742, 160.31473 - 4.148478, 0 
[23:33:22] [info] APP: [Server] 476.20264, 160.31473 - 4.000987, 0 
[23:33:22] [info] APP: [Server] 476.2291, 160.31473 - 3.8639293, 0 
[23:33:22] [info] APP: [Server] 476.2551, 160.31473 - 3.7292082, 0 
[23:33:22] [info] APP: [Server] 476.28897, 160.31473 - 3.5513856, 0 
[23:33:22] [info] APP: [Server] 476.31802, 160.31473 - 3.3996542, 0 
[23:33:22] [info] APP: [Server] 476.3267, 160.31473 - 3.3558202, 0 
[23:33:22] [info] APP: [Server] 476.3503, 160.31473 - 3.2331824, 0 
[23:33:22] [info] APP: [Server] 476.37054, 160.31473 - 3.1285934, 0 
[23:33:22] [info] APP: [Server] 476.39178, 160.31473 - 3.018556, 0 
[23:33:22] [info] APP: [Server] 476.4121, 160.31473 - 2.91331, 0 
[23:33:22] [info] APP: [Server] 476.43204, 160.31473 - 2.8099554, 0 
[23:33:22] [info] APP: [Server] 476.4575, 160.31473 - 2.676395, 0 
[23:33:22] [info] APP: [Server] 476.4684, 160.31473 - 2.6206503, 0 
[23:33:22] [info] APP: [Server] 476.4866, 160.31473 - 2.5262787, 0 
[23:33:22] [info] APP: [Server] 476.5087, 160.31473 - 2.410442, 0 
[23:33:22] [info] APP: [Server] 476.52667, 160.31473 - 2.31702, 0 
[23:33:22] [info] APP: [Server] 476.54245, 160.31473 - 2.2351732, 0 
[23:33:22] [info] APP: [Server] 476.54962, 160.31473 - 2.1986797, 0 
[23:33:22] [info] APP: [Server] 476.56494, 160.31473 - 2.119168, 0 
[23:33:22] [info] APP: [Server] 476.58353, 160.31473 - 2.0218368, 0 
[23:33:22] [info] APP: [Server] 476.59946, 160.31473 - 1.9386939, 0 
[23:33:22] [info] APP: [Server] 476.6117, 160.31473 - 1.8753881, 0 
[23:33:22] [info] APP: [Server] 476.61884, 160.31473 - 1.8390456, 0 
[23:33:22] [info] APP: [Server] 476.631, 160.31473 - 1.7760473, 0 
[23:33:22] [info] APP: [Server] 476.64725, 160.31473 - 1.6908168, 0 
[23:33:22] [info] APP: [Server] 476.65488, 160.31473 - 1.6517301, 0 
[23:33:22] [info] APP: [Server] 476.66565, 160.31473 - 1.5960306, 0 
[23:33:22] [info] APP: [Server] 476.6758, 160.31473 - 1.543427, 0 
[23:33:22] [info] APP: [Server] 476.6888, 160.31473 - 1.475365, 0 
[23:33:22] [info] APP: [Server] 476.69586, 160.31473 - 1.4392328, 0 
[23:33:22] [info] APP: [Server] 476.7091, 160.31473 - 1.3696166, 0 
[23:33:22] [info] APP: [Server] 476.71524, 160.31473 - 1.3382686, 0 
[23:33:22] [info] APP: [Server] 476.7243, 160.31473 - 1.2913018, 0 
[23:33:22] [info] APP: [Server] 476.736, 160.31473 - 1.2300234, 0 
[23:33:22] [info] APP: [Server] 476.74597, 160.31473 - 1.1779404, 0 
[23:33:22] [info] APP: [Server] 476.74884, 160.31473 - 1.1633815, 0 
[23:33:22] [info] APP: [Server] 476.75937, 160.31473 - 1.1081734, 0 
[23:33:22] [info] APP: [Server] 476.76434, 160.31473 - 1.0826402, 0 
[23:33:22] [info] APP: [Server] 476.77176, 160.31473 - 1.044149, 0 
[23:33:22] [info] APP: [Server] 476.77884, 160.31473 - 1.0074247, 0 
[23:33:22] [info] APP: [Server] 476.7884, 160.31473 - 0.957158, 0 
[23:33:22] [info] APP: [Server] 476.79507, 160.31473 - 0.922544, 0 
[23:33:22] [info] APP: [Server] 476.801, 160.31473 - 0.8919971, 0 
[23:33:22] [info] APP: [Server] 476.8042, 160.31473 - 0.8757322, 0 
[23:33:22] [info] APP: [Server] 476.81052, 160.31473 - 0.84286016, 0 
[23:33:22] [info] APP: [Server] 476.81555, 160.31473 - 0.81681657, 0 
[23:33:22] [info] APP: [Server] 476.82278, 160.31473 - 0.77892715, 0 
[23:33:22] [info] APP: [Server] 476.82935, 160.31473 - 0.7445781, 0 
[23:33:22] [info] APP: [Server] 476.83136, 160.31473 - 0.7343529, 0 
[23:33:22] [info] APP: [Server] 476.83636, 160.31473 - 0.70846856, 0 
[23:33:22] [info] APP: [Server] 476.8412, 160.31473 - 0.6834966, 0 
[23:33:22] [info] APP: [Server] 476.84592, 160.31473 - 0.65898764, 0 
[23:33:22] [info] APP: [Server] 476.85165, 160.31473 - 0.62887186, 0 
[23:33:22] [info] APP: [Server] 476.85455, 160.31473 - 0.61404634, 0 
[23:33:22] [info] APP: [Server] 476.85843, 160.31473 - 0.59394854, 0 
[23:33:22] [info] APP: [Server] 476.86285, 160.31473 - 0.5709287, 0 
[23:33:22] [info] APP: [Server] 476.86652, 160.31473 - 0.5519808, 0 
[23:33:22] [info] APP: [Server] 476.8702, 160.31473 - 0.53281945, 0 
[23:33:22] [info] APP: [Server] 476.87506, 160.31473 - 0.5074126, 0 
[23:33:23] [info] APP: [Server] 476.8788, 160.31473 - 0.48794022, 0 
[23:33:23] [info] APP: [Server] 476.8815, 160.31473 - 0.47412905, 0 
[23:33:23] [info] APP: [Server] 476.88364, 160.31473 - 0.46324092, 0 
[23:33:23] [info] APP: [Server] 476.8868, 160.31473 - 0.446842, 0 
[23:33:23] [info] APP: [Server] 476.88968, 160.31473 - 0.43204638, 0 
[23:33:23] [info] APP: [Server] 476.89297, 160.31473 - 0.41483995, 0 
[23:33:23] [info] APP: [Server] 476.89563, 160.31473 - 0.40116724, 0 
[23:33:23] [info] APP: [Server] 476.8983, 160.31473 - 0.38745546, 0 
[23:33:23] [info] APP: [Server] 476.90085, 160.31473 - 0.37421235, 0 
[23:33:23] [info] APP: [Server] 476.9043, 160.31473 - 0.356083, 0 
[23:33:23] [info] APP: [Server] 476.90564, 160.31473 - 0.34923694, 0 
[23:33:23] [info] APP: [Server] 476.90805, 160.31473 - 0.33679387, 0 
[23:33:23] [info] APP: [Server] 476.91028, 160.31473 - 0.32520527, 0 
[23:33:23] [info] APP: [Server] 476.9125, 160.31473 - 0.3137177, 0 
[23:33:23] [info] APP: [Server] 476.91528, 160.31473 - 0.29914144, 0 
[23:33:23] [info] APP: [Server] 476.9165, 160.31473 - 0.29291084, 0 
[23:33:23] [info] APP: [Server] 476.91928, 160.31473 - 0.278251, 0 
[23:33:23] [info] APP: [Server] 476.92148, 160.31473 - 0.2667874, 0 
[23:33:23] [info] APP: [Server] 476.92212, 160.31473 - 0.26351038, 0 
[23:33:23] [info] APP: [Server] 476.92416, 160.31473 - 0.25293553, 0 
[23:33:23] [info] APP: [Server] 476.9293, 160.31473 - 0.22397006, 0 
[23:33:23] [info] APP: [Server] 476.93216, 160.31473 - 0.20864251, 0 
[23:33:23] [info] APP: [Server] 476.9347, 160.31473 - 0.19515984, 0 
[23:33:23] [info] APP: [Server] 476.93814, 160.31473 - 0.17601192, 0 
[23:33:23] [info] APP: [Server] 476.9392, 160.31473 - 0.1705196, 0 
[23:33:23] [info] APP: [Server] 476.94037, 160.31473 - 0.16445713, 0 
[23:33:23] [info] APP: [Server] 476.94153, 160.31473 - 0.15835924, 0 
[23:33:23] [info] APP: [Server] 476.9425, 160.31473 - 0.15326071, 0 
[23:33:23] [info] APP: [Server] 476.9435, 160.31473 - 0.14803399, 0 
[23:33:23] [info] APP: [Server] 476.9445, 160.31473 - 0.14301941, 0 
[23:33:23] [info] APP: [Server] 476.9455, 160.31473 - 0.13773823, 0 
[23:33:23] [info] APP: [Server] 476.9464, 160.31473 - 0.13295682, 0 
[23:33:23] [info] APP: [Server] 476.94727, 160.31473 - 0.12847325, 0 
[23:33:23] [info] APP: [Server] 476.94812, 160.31473 - 0.12404287, 0 
[23:33:23] [info] APP: [Server] 476.94897, 160.31473 - 0.119689554, 0 
[23:33:23] [info] APP: [Server] 476.94974, 160.31473 - 0.115680784, 0 
[23:33:23] [info] APP: [Server] 476.9